Executing tasks: [:app:assembleDebug, :app:assembleDebugUnitTest, :app:assembleDebugAndroidTest] in project G:\my file\hc\HealthTrackProv6\HealthTrackPro\android

Starting Gradle Daemon...
Gradle Daemon started in 2 s 212 ms

> Configure project :
Build was configured to prefer settings repositories over project repositories but repository 'Google' was added by build file 'build.gradle'
Build was configured to prefer settings repositories over project repositories but repository 'MavenRepo' was added by build file 'build.gradle'
Build was configured to prefer settings repositories over project repositories but repository 'Google' was added by build file 'build.gradle'
Build was configured to prefer settings repositories over project repositories but repository 'MavenRepo' was added by build file 'build.gradle'
Build was configured to prefer settings repositories over project repositories but repository 'Google' was added by build file 'build.gradle'
Build was configured to prefer settings repositories over project repositories but repository 'MavenRepo' was added by build file 'build.gradle'
Build was configured to prefer settings repositories over project repositories but repository 'Google' was added by build file 'build.gradle'
Build was configured to prefer settings repositories over project repositories but repository 'MavenRepo' was added by build file 'build.gradle'

> Configure project :capacitor-cordova-android-plugins
Build was configured to prefer settings repositories over project repositories but repository 'Google2' was added by build file 'capacitor-cordova-android-plugins\build.gradle'
Build was configured to prefer settings repositories over project repositories but repository 'MavenRepo2' was added by build file 'capacitor-cordova-android-plugins\build.gradle'
Build was configured to prefer settings repositories over project repositories but repository 'flatDir' was added by build file 'capacitor-cordova-android-plugins\build.gradle'
AGPBI: {"kind":"warning","text":"Using flatDir should be avoided because it doesn't support any meta-data formats.","sources":[{}]}

> Task :app:preBuild UP-TO-DATE
> Task :app:preDebugBuild UP-TO-DATE
> Task :app:mergeDebugNativeDebugMetadata NO-SOURCE
> Task :app:checkKotlinGradlePluginConfigurationErrors
> Task :app:checkDebugAarMetadata FAILED
> Task :app:generateDebugResValues UP-TO-DATE
> Task :app:mapDebugSourceSetPaths FAILED
> Task :app:generateDebugResources UP-TO-DATE
> Task :app:mergeDebugResources FAILED
> Task :app:packageDebugResources UP-TO-DATE
> Task :app:parseDebugLocalResources UP-TO-DATE
> Task :app:createDebugCompatibleScreenManifests UP-TO-DATE
> Task :app:extractDeepLinksDebug UP-TO-DATE
> Task :app:processDebugMainManifest FAILED
> Task :app:javaPreCompileDebug UP-TO-DATE
> Task :app:mergeDebugShaders UP-TO-DATE
> Task :app:compileDebugShaders NO-SOURCE
> Task :app:generateDebugAssets UP-TO-DATE
> Task :app:mergeDebugAssets FAILED
> Task :app:desugarDebugFileDependencies FAILED
> Task :app:checkDebugDuplicateClasses FAILED
> Task :app:mergeDebugJniLibFolders UP-TO-DATE
> Task :app:mergeDebugNativeLibs FAILED
> Task :app:validateSigningDebug UP-TO-DATE
> Task :app:writeDebugAppMetadata UP-TO-DATE
> Task :app:writeDebugSigningConfigVersions UP-TO-DATE
> Task :app:preDebugUnitTestBuild UP-TO-DATE
> Task :app:javaPreCompileDebugUnitTest UP-TO-DATE
> Task :app:preDebugAndroidTestBuild SKIPPED
> Task :app:checkDebugAndroidTestAarMetadata FAILED
> Task :app:generateDebugAndroidTestResValues UP-TO-DATE
> Task :app:mapDebugAndroidTestSourceSetPaths UP-TO-DATE
> Task :app:generateDebugAndroidTestResources UP-TO-DATE
> Task :app:mergeDebugAndroidTestResources UP-TO-DATE
> Task :app:processDebugAndroidTestManifest FAILED
> Task :app:javaPreCompileDebugAndroidTest UP-TO-DATE
> Task :app:mergeDebugAndroidTestShaders UP-TO-DATE
> Task :app:compileDebugAndroidTestShaders NO-SOURCE
> Task :app:generateDebugAndroidTestAssets UP-TO-DATE
> Task :app:mergeDebugAndroidTestAssets FAILED
> Task :app:desugarDebugAndroidTestFileDependencies UP-TO-DATE
> Task :app:checkDebugAndroidTestDuplicateClasses FAILED
> Task :app:mergeDebugAndroidTestJniLibFolders UP-TO-DATE
> Task :app:validateSigningDebugAndroidTest UP-TO-DATE
> Task :app:writeDebugAndroidTestSigningConfigVersions UP-TO-DATE

FAILURE: Build completed with 12 failures.

1: Task failed with an exception.
-----------
* What went wrong:
Execution failed for task ':app:checkDebugAarMetadata'.
> Could not resolve all files for configuration ':app:debugRuntimeClasspath'.
   > Could not resolve all dependencies for configuration ':app:debugRuntimeClasspath'.
      > Could not find androidx.core:core-splashscreen:1.1.0.
        Searched in the following locations:
          - https://dl.google.com/dl/android/maven2/androidx/core/core-splashscreen/1.1.0/core-splashscreen-1.1.0.pom
          - https://repo.maven.apache.org/maven2/androidx/core/core-splashscreen/1.1.0/core-splashscreen-1.1.0.pom
        Required by:
            project :app
   > Could not resolve all dependencies for configuration ':app:debugRuntimeClasspath'.
      > Could not find androidx.core:core-splashscreen:1.1.0.
        Searched in the following locations:
          - https://dl.google.com/dl/android/maven2/androidx/core/core-splashscreen/1.1.0/core-splashscreen-1.1.0.pom
          - https://repo.maven.apache.org/maven2/androidx/core/core-splashscreen/1.1.0/core-splashscreen-1.1.0.pom
        Required by:
            project :app

* Try:
> The project declares repositories, effectively ignoring the repositories you have declared in the settings.
   To determine how project repositories are declared, configure your build to fail on project repositories.
   For more information, please refer to https://docs.gradle.org/8.10.2/userguide/declaring_repositories.html#sub:fail_build_on_project_repositories in the Gradle documentation.
> Run with --stacktrace option to get the stack trace.
> Run with --info or --debug option to get more log output.
> Run with --scan to get full insights.
> Get more help at https://help.gradle.org.
==============================================================================

2: Task failed with an exception.
-----------
* What went wrong:
Execution failed for task ':app:mapDebugSourceSetPaths'.
> Could not resolve all files for configuration ':app:debugRuntimeClasspath'.
   > Could not resolve all dependencies for configuration ':app:debugRuntimeClasspath'.
      > Could not find androidx.core:core-splashscreen:1.1.0.
        Searched in the following locations:
          - https://dl.google.com/dl/android/maven2/androidx/core/core-splashscreen/1.1.0/core-splashscreen-1.1.0.pom
          - https://repo.maven.apache.org/maven2/androidx/core/core-splashscreen/1.1.0/core-splashscreen-1.1.0.pom
        Required by:
            project :app
   > Could not resolve all dependencies for configuration ':app:debugRuntimeClasspath'.
      > Could not find androidx.core:core-splashscreen:1.1.0.
        Searched in the following locations:
          - https://dl.google.com/dl/android/maven2/androidx/core/core-splashscreen/1.1.0/core-splashscreen-1.1.0.pom
          - https://repo.maven.apache.org/maven2/androidx/core/core-splashscreen/1.1.0/core-splashscreen-1.1.0.pom
        Required by:
            project :app

* Try:
> The project declares repositories, effectively ignoring the repositories you have declared in the settings.
   To determine how project repositories are declared, configure your build to fail on project repositories.
   For more information, please refer to https://docs.gradle.org/8.10.2/userguide/declaring_repositories.html#sub:fail_build_on_project_repositories in the Gradle documentation.
> Run with --stacktrace option to get the stack trace.
> Run with --info or --debug option to get more log output.
> Run with --scan to get full insights.
> Get more help at https://help.gradle.org.
==============================================================================

3: Task failed with an exception.
-----------
* What went wrong:
Execution failed for task ':app:mergeDebugResources'.
> Could not resolve all files for configuration ':app:debugRuntimeClasspath'.
   > Could not resolve all dependencies for configuration ':app:debugRuntimeClasspath'.
      > Could not find androidx.core:core-splashscreen:1.1.0.
        Searched in the following locations:
          - https://dl.google.com/dl/android/maven2/androidx/core/core-splashscreen/1.1.0/core-splashscreen-1.1.0.pom
          - https://repo.maven.apache.org/maven2/androidx/core/core-splashscreen/1.1.0/core-splashscreen-1.1.0.pom
        Required by:
            project :app
   > Could not resolve all dependencies for configuration ':app:debugRuntimeClasspath'.
      > Could not find androidx.core:core-splashscreen:1.1.0.
        Searched in the following locations:
          - https://dl.google.com/dl/android/maven2/androidx/core/core-splashscreen/1.1.0/core-splashscreen-1.1.0.pom
          - https://repo.maven.apache.org/maven2/androidx/core/core-splashscreen/1.1.0/core-splashscreen-1.1.0.pom
        Required by:
            project :app

* Try:
> The project declares repositories, effectively ignoring the repositories you have declared in the settings.
   To determine how project repositories are declared, configure your build to fail on project repositories.
   For more information, please refer to https://docs.gradle.org/8.10.2/userguide/declaring_repositories.html#sub:fail_build_on_project_repositories in the Gradle documentation.
> Run with --stacktrace option to get the stack trace.
> Run with --info or --debug option to get more log output.
> Run with --scan to get full insights.
> Get more help at https://help.gradle.org.
==============================================================================

4: Task failed with an exception.
-----------
* What went wrong:
Execution failed for task ':app:processDebugMainManifest'.
> Could not resolve all files for configuration ':app:debugRuntimeClasspath'.
   > Could not resolve all dependencies for configuration ':app:debugRuntimeClasspath'.
      > Could not find androidx.core:core-splashscreen:1.1.0.
        Searched in the following locations:
          - https://dl.google.com/dl/android/maven2/androidx/core/core-splashscreen/1.1.0/core-splashscreen-1.1.0.pom
          - https://repo.maven.apache.org/maven2/androidx/core/core-splashscreen/1.1.0/core-splashscreen-1.1.0.pom
        Required by:
            project :app
   > Could not resolve all dependencies for configuration ':app:debugRuntimeClasspath'.
      > Could not find androidx.core:core-splashscreen:1.1.0.
        Searched in the following locations:
          - https://dl.google.com/dl/android/maven2/androidx/core/core-splashscreen/1.1.0/core-splashscreen-1.1.0.pom
          - https://repo.maven.apache.org/maven2/androidx/core/core-splashscreen/1.1.0/core-splashscreen-1.1.0.pom
        Required by:
            project :app

* Try:
> The project declares repositories, effectively ignoring the repositories you have declared in the settings.
   To determine how project repositories are declared, configure your build to fail on project repositories.
   For more information, please refer to https://docs.gradle.org/8.10.2/userguide/declaring_repositories.html#sub:fail_build_on_project_repositories in the Gradle documentation.
> Run with --stacktrace option to get the stack trace.
> Run with --info or --debug option to get more log output.
> Run with --scan to get full insights.
> Get more help at https://help.gradle.org.
==============================================================================

5: Task failed with an exception.
-----------
* What went wrong:
Execution failed for task ':app:mergeDebugAssets'.
> Could not resolve all files for configuration ':app:debugRuntimeClasspath'.
   > Could not resolve all dependencies for configuration ':app:debugRuntimeClasspath'.
      > Could not find androidx.core:core-splashscreen:1.1.0.
        Searched in the following locations:
          - https://dl.google.com/dl/android/maven2/androidx/core/core-splashscreen/1.1.0/core-splashscreen-1.1.0.pom
          - https://repo.maven.apache.org/maven2/androidx/core/core-splashscreen/1.1.0/core-splashscreen-1.1.0.pom
        Required by:
            project :app
   > Could not resolve all dependencies for configuration ':app:debugRuntimeClasspath'.
      > Could not find androidx.core:core-splashscreen:1.1.0.
        Searched in the following locations:
          - https://dl.google.com/dl/android/maven2/androidx/core/core-splashscreen/1.1.0/core-splashscreen-1.1.0.pom
          - https://repo.maven.apache.org/maven2/androidx/core/core-splashscreen/1.1.0/core-splashscreen-1.1.0.pom
        Required by:
            project :app

* Try:
> The project declares repositories, effectively ignoring the repositories you have declared in the settings.
   To determine how project repositories are declared, configure your build to fail on project repositories.
   For more information, please refer to https://docs.gradle.org/8.10.2/userguide/declaring_repositories.html#sub:fail_build_on_project_repositories in the Gradle documentation.
> Run with --stacktrace option to get the stack trace.
> Run with --info or --debug option to get more log output.
> Run with --scan to get full insights.
> Get more help at https://help.gradle.org.
==============================================================================

6: Task failed with an exception.
-----------
* What went wrong:
Execution failed for task ':app:desugarDebugFileDependencies'.
> Could not resolve all files for configuration ':app:debugRuntimeClasspath'.
   > Could not resolve all dependencies for configuration ':app:debugRuntimeClasspath'.
      > Could not find androidx.core:core-splashscreen:1.1.0.
        Searched in the following locations:
          - https://dl.google.com/dl/android/maven2/androidx/core/core-splashscreen/1.1.0/core-splashscreen-1.1.0.pom
          - https://repo.maven.apache.org/maven2/androidx/core/core-splashscreen/1.1.0/core-splashscreen-1.1.0.pom
        Required by:
            project :app
   > Could not resolve all dependencies for configuration ':app:debugRuntimeClasspath'.
      > Could not find androidx.core:core-splashscreen:1.1.0.
        Searched in the following locations:
          - https://dl.google.com/dl/android/maven2/androidx/core/core-splashscreen/1.1.0/core-splashscreen-1.1.0.pom
          - https://repo.maven.apache.org/maven2/androidx/core/core-splashscreen/1.1.0/core-splashscreen-1.1.0.pom
        Required by:
            project :app

* Try:
> The project declares repositories, effectively ignoring the repositories you have declared in the settings.
   To determine how project repositories are declared, configure your build to fail on project repositories.
   For more information, please refer to https://docs.gradle.org/8.10.2/userguide/declaring_repositories.html#sub:fail_build_on_project_repositories in the Gradle documentation.
> Run with --stacktrace option to get the stack trace.
> Run with --info or --debug option to get more log output.
> Run with --scan to get full insights.
> Get more help at https://help.gradle.org.
==============================================================================

7: Task failed with an exception.
-----------
* What went wrong:
Execution failed for task ':app:checkDebugDuplicateClasses'.
> Could not resolve all files for configuration ':app:debugRuntimeClasspath'.
   > Could not resolve all dependencies for configuration ':app:debugRuntimeClasspath'.
      > Could not find androidx.core:core-splashscreen:1.1.0.
        Searched in the following locations:
          - https://dl.google.com/dl/android/maven2/androidx/core/core-splashscreen/1.1.0/core-splashscreen-1.1.0.pom
          - https://repo.maven.apache.org/maven2/androidx/core/core-splashscreen/1.1.0/core-splashscreen-1.1.0.pom
        Required by:
            project :app
   > Could not resolve all dependencies for configuration ':app:debugRuntimeClasspath'.
      > Could not find androidx.core:core-splashscreen:1.1.0.
        Searched in the following locations:
          - https://dl.google.com/dl/android/maven2/androidx/core/core-splashscreen/1.1.0/core-splashscreen-1.1.0.pom
          - https://repo.maven.apache.org/maven2/androidx/core/core-splashscreen/1.1.0/core-splashscreen-1.1.0.pom
        Required by:
            project :app

* Try:
> The project declares repositories, effectively ignoring the repositories you have declared in the settings.
   To determine how project repositories are declared, configure your build to fail on project repositories.
   For more information, please refer to https://docs.gradle.org/8.10.2/userguide/declaring_repositories.html#sub:fail_build_on_project_repositories in the Gradle documentation.
> Run with --stacktrace option to get the stack trace.
> Run with --info or --debug option to get more log output.
> Run with --scan to get full insights.
> Get more help at https://help.gradle.org.
==============================================================================

8: Task failed with an exception.
-----------
* What went wrong:
Execution failed for task ':app:mergeDebugNativeLibs'.
> Could not resolve all files for configuration ':app:debugRuntimeClasspath'.
   > Could not resolve all dependencies for configuration ':app:debugRuntimeClasspath'.
      > Could not find androidx.core:core-splashscreen:1.1.0.
        Searched in the following locations:
          - https://dl.google.com/dl/android/maven2/androidx/core/core-splashscreen/1.1.0/core-splashscreen-1.1.0.pom
          - https://repo.maven.apache.org/maven2/androidx/core/core-splashscreen/1.1.0/core-splashscreen-1.1.0.pom
        Required by:
            project :app
   > Could not resolve all dependencies for configuration ':app:debugRuntimeClasspath'.
      > Could not find androidx.core:core-splashscreen:1.1.0.
        Searched in the following locations:
          - https://dl.google.com/dl/android/maven2/androidx/core/core-splashscreen/1.1.0/core-splashscreen-1.1.0.pom
          - https://repo.maven.apache.org/maven2/androidx/core/core-splashscreen/1.1.0/core-splashscreen-1.1.0.pom
        Required by:
            project :app

* Try:
> The project declares repositories, effectively ignoring the repositories you have declared in the settings.
   To determine how project repositories are declared, configure your build to fail on project repositories.
   For more information, please refer to https://docs.gradle.org/8.10.2/userguide/declaring_repositories.html#sub:fail_build_on_project_repositories in the Gradle documentation.
> Run with --stacktrace option to get the stack trace.
> Run with --info or --debug option to get more log output.
> Run with --scan to get full insights.
> Get more help at https://help.gradle.org.
==============================================================================

9: Task failed with an exception.
-----------
* What went wrong:
Execution failed for task ':app:checkDebugAndroidTestAarMetadata'.
> Could not resolve all artifacts for configuration ':app:debugRuntimeClasspath'.
   > Could not resolve all dependencies for configuration ':app:debugRuntimeClasspath'.
      > Could not find androidx.core:core-splashscreen:1.1.0.
        Searched in the following locations:
          - https://dl.google.com/dl/android/maven2/androidx/core/core-splashscreen/1.1.0/core-splashscreen-1.1.0.pom
          - https://repo.maven.apache.org/maven2/androidx/core/core-splashscreen/1.1.0/core-splashscreen-1.1.0.pom
        Required by:
            project :app
   > Could not resolve all dependencies for configuration ':app:debugRuntimeClasspath'.
      > Could not find androidx.core:core-splashscreen:1.1.0.
        Searched in the following locations:
          - https://dl.google.com/dl/android/maven2/androidx/core/core-splashscreen/1.1.0/core-splashscreen-1.1.0.pom
          - https://repo.maven.apache.org/maven2/androidx/core/core-splashscreen/1.1.0/core-splashscreen-1.1.0.pom
        Required by:
            project :app

* Try:
> The project declares repositories, effectively ignoring the repositories you have declared in the settings.
   To determine how project repositories are declared, configure your build to fail on project repositories.
   For more information, please refer to https://docs.gradle.org/8.10.2/userguide/declaring_repositories.html#sub:fail_build_on_project_repositories in the Gradle documentation.
> Run with --stacktrace option to get the stack trace.
> Run with --info or --debug option to get more log output.
> Run with --scan to get full insights.
> Get more help at https://help.gradle.org.
==============================================================================

10: Task failed with an exception.
-----------
* What went wrong:
Execution failed for task ':app:processDebugAndroidTestManifest'.
> Could not resolve all artifacts for configuration ':app:debugRuntimeClasspath'.
   > Could not resolve all dependencies for configuration ':app:debugRuntimeClasspath'.
      > Could not find androidx.core:core-splashscreen:1.1.0.
        Searched in the following locations:
          - https://dl.google.com/dl/android/maven2/androidx/core/core-splashscreen/1.1.0/core-splashscreen-1.1.0.pom
          - https://repo.maven.apache.org/maven2/androidx/core/core-splashscreen/1.1.0/core-splashscreen-1.1.0.pom
        Required by:
            project :app
   > Could not resolve all dependencies for configuration ':app:debugRuntimeClasspath'.
      > Could not find androidx.core:core-splashscreen:1.1.0.
        Searched in the following locations:
          - https://dl.google.com/dl/android/maven2/androidx/core/core-splashscreen/1.1.0/core-splashscreen-1.1.0.pom
          - https://repo.maven.apache.org/maven2/androidx/core/core-splashscreen/1.1.0/core-splashscreen-1.1.0.pom
        Required by:
            project :app

* Try:
> The project declares repositories, effectively ignoring the repositories you have declared in the settings.
   To determine how project repositories are declared, configure your build to fail on project repositories.
   For more information, please refer to https://docs.gradle.org/8.10.2/userguide/declaring_repositories.html#sub:fail_build_on_project_repositories in the Gradle documentation.
> Run with --stacktrace option to get the stack trace.
> Run with --info or --debug option to get more log output.
> Run with --scan to get full insights.
> Get more help at https://help.gradle.org.
==============================================================================

11: Task failed with an exception.
-----------
* What went wrong:
Execution failed for task ':app:mergeDebugAndroidTestAssets'.
> Could not resolve all artifacts for configuration ':app:debugRuntimeClasspath'.
   > Could not resolve all dependencies for configuration ':app:debugRuntimeClasspath'.
      > Could not find androidx.core:core-splashscreen:1.1.0.
        Searched in the following locations:
          - https://dl.google.com/dl/android/maven2/androidx/core/core-splashscreen/1.1.0/core-splashscreen-1.1.0.pom
          - https://repo.maven.apache.org/maven2/androidx/core/core-splashscreen/1.1.0/core-splashscreen-1.1.0.pom
        Required by:
            project :app
   > Could not resolve all dependencies for configuration ':app:debugRuntimeClasspath'.
      > Could not find androidx.core:core-splashscreen:1.1.0.
        Searched in the following locations:
          - https://dl.google.com/dl/android/maven2/androidx/core/core-splashscreen/1.1.0/core-splashscreen-1.1.0.pom
          - https://repo.maven.apache.org/maven2/androidx/core/core-splashscreen/1.1.0/core-splashscreen-1.1.0.pom
        Required by:
            project :app

* Try:
> The project declares repositories, effectively ignoring the repositories you have declared in the settings.
   To determine how project repositories are declared, configure your build to fail on project repositories.
   For more information, please refer to https://docs.gradle.org/8.10.2/userguide/declaring_repositories.html#sub:fail_build_on_project_repositories in the Gradle documentation.
> Run with --stacktrace option to get the stack trace.
> Run with --info or --debug option to get more log output.
> Run with --scan to get full insights.
> Get more help at https://help.gradle.org.
==============================================================================

12: Task failed with an exception.
-----------
* What went wrong:
Execution failed for task ':app:checkDebugAndroidTestDuplicateClasses'.
> Could not resolve all artifacts for configuration ':app:debugRuntimeClasspath'.
   > Could not resolve all dependencies for configuration ':app:debugRuntimeClasspath'.
      > Could not find androidx.core:core-splashscreen:1.1.0.
        Searched in the following locations:
          - https://dl.google.com/dl/android/maven2/androidx/core/core-splashscreen/1.1.0/core-splashscreen-1.1.0.pom
          - https://repo.maven.apache.org/maven2/androidx/core/core-splashscreen/1.1.0/core-splashscreen-1.1.0.pom
        Required by:
            project :app
   > Could not resolve all dependencies for configuration ':app:debugRuntimeClasspath'.
      > Could not find androidx.core:core-splashscreen:1.1.0.
        Searched in the following locations:
          - https://dl.google.com/dl/android/maven2/androidx/core/core-splashscreen/1.1.0/core-splashscreen-1.1.0.pom
          - https://repo.maven.apache.org/maven2/androidx/core/core-splashscreen/1.1.0/core-splashscreen-1.1.0.pom
        Required by:
            project :app

* Try:
> The project declares repositories, effectively ignoring the repositories you have declared in the settings.
   To determine how project repositories are declared, configure your build to fail on project repositories.
   For more information, please refer to https://docs.gradle.org/8.10.2/userguide/declaring_repositories.html#sub:fail_build_on_project_repositories in the Gradle documentation.
> Run with --stacktrace option to get the stack trace.
> Run with --info or --debug option to get more log output.
> Run with --scan to get full insights.
> Get more help at https://help.gradle.org.
==============================================================================

Deprecated Gradle features were used in this build, making it incompatible with Gradle 9.0.

You can use '--warning-mode all' to show the individual deprecation warnings and determine if they come from your own scripts or plugins.

For more on this, please refer to https://docs.gradle.org/8.10.2/userguide/command_line_interface.html#sec:command_line_warnings in the Gradle documentation.

BUILD FAILED in 37s
36 actionable tasks: 13 executed, 23 up-to-date
